app/build/intermediates/manifest_merge_blame_file/debug/manifest-merger-blame-debug-report.txt
1<?xml version="1.0" encoding="utf-8"?>
2<manifest xmlns:android="http://schemas.android.com/apk/res/android"
3    package="com.example.android.droidcafeinput"
4    android:versionCode="1"
5    android:versionName="1.0" >
6
7    <uses-sdk
8        android:minSdkVersion="21"
8-->src\main\AndroidManifest.xml
9        android:targetSdkVersion="32" />
9-->src\main\AndroidManifest.xml
10
11    <application
11-->src\main\AndroidManifest.xml:5:5-23:19
12        android:allowBackup="true"
12-->src\main\AndroidManifest.xml:6:9-35
13        android:appComponentFactory="androidx.core.app.CoreComponentFactory"
13-->[androidx.core:core:1.5.0] AndroidManifest.xml:24:18-86
14        android:debuggable="true"
15        android:label="@string/app_name"
15-->src\main\AndroidManifest.xml:7:9-41
16        android:roundIcon="@mipmap/ic_launcher_round"
16-->src\main\AndroidManifest.xml:8:9-54
17        android:supportsRtl="true"
17-->src\main\AndroidManifest.xml:9:9-35
18        android:testOnly="true"
19        android:theme="@style/AppTheme" >
19-->src\main\AndroidManifest.xml:10:9-40
20        <activity
20-->src\main\AndroidManifest.xml:11:9-21:20
21            android:name="com.example.android.droidcafeinput.MainActivity"
21-->src\main\AndroidManifest.xml:12:13-75
22            android:exported="true"
22-->src\main\AndroidManifest.xml:15:13-36
23            android:label="@string/app_name"
23-->src\main\AndroidManifest.xml:13:13-45
24            android:theme="@style/AppTheme.NoActionBar" >
24-->src\main\AndroidManifest.xml:14:13-56
25            <intent-filter>
25-->src\main\AndroidManifest.xml:16:13-20:29
26                <action android:name="android.intent.action.MAIN" />
26-->src\main\AndroidManifest.xml:17:17-69
26-->src\main\AndroidManifest.xml:17:25-66
27
28                <category android:name="android.intent.category.LAUNCHER" />
28-->src\main\AndroidManifest.xml:19:17-77
28-->src\main\AndroidManifest.xml:19:27-74
29            </intent-filter>
30        </activity>
31        <activity android:name="com.example.android.droidcafeinput.OrderActivity" />
31-->src\main\AndroidManifest.xml:22:9-51
31-->src\main\AndroidManifest.xml:22:19-48
32    </application>
33
34</manifest>